16:32:19 DONE: file:/media/Movies/Tarcovsky Filmografija DVDRip/Soljaris_(1_iz_2)_(1972)_DivX_DVDRip.avi, audio:-1, size:512x230
16:44:16 DONE: file:/media/Movies/Tarcovsky Filmografija DVDRip/Andrey_Rubljev_(1_iz_2)_(1966)_DivX_DVDRip.avi, audio:-1, size:512x242
17:21:25 DONE: file:/media/Movies/Tarcovsky Filmografija DVDRip/Stalker_(1_iz_2)_(1979)_DivX_DVDRip.avi, audio:-1, size:512x384
17:57:28 DONE: file:/media/Movies/Документальные/BBC Series/BBC.The.Story.of.Science.2of6.What.is.the.World.Made.of.HDTV.x264.AC3.MVGroup.org.mkv, audio:-1, size:512x288
20:29:59 DONE: file:/media/Movies/Osleplennyj.zhelanijami.2000.XviD.DVDRip.kinozal.tv.avi, audio:-1, size:512x220
21:38:44 DONE: file:/media/Movies/Berlin.Calling.2008.BDRip.avi, audio:-1, size:512x216
22:45:49 DONE: file:/media/Movies/Pidjak.2005.XviD.BDRip.Kinozal.TV.avi, audio:-1, size:512x216
00:09:19 DONE: file:/media/Movies/Krasnaja.linija.2013.x264.HDTVRip(AVC).MediaClub.mkv, audio:1, size:512x288
01:20:25 DONE: file:/media/Movies/Oblivion.2013.1080p.BluRay.Rus.Eng.Subs-HDWinG.mkv, audio:-1, size:512x214
03:01:24 DONE: file:/media/Movies/Chto.Glozhet.Gilberta.Grejpa.1993.x264.BDRip.(720p).mkv, audio:-1, size:512x288
03:46:30 DONE: file:/media/Movies/Puteshestvie.2.Tainstvennyj.ostrov.2012.x264.BDRip.720p.mkv, audio:-1, size:512x288
03:57:57 DONE: file:/media/Movies/Bogi.areny.2011.P.HDRip.avi, audio:-1, size:512x284
05:04:30 DONE: file:/media/Movies/Policeiski.Iz.Beverli.Hilz.II.1987.HDTVRip.XviD.AC3.avi, audio:-1, size:512x216
05:30:28 DONE: file:/media/Movies/Turist.2010.x264.BDRip.720p.mkv, audio:-1, size:512x212
06:04:20 DONE: file:/media/Movies/Машина Времени.avi, audio:-1, size:512x216
07:20:22 DONE: file:/media/Movies/Dezha.viu.2006.XviD.DVDRip-Kinozal.TV.avi, audio:-1, size:512x216
07:20:41 DONE: file:/media/Movies/Ostrov.2005.x264.BDRip.(AVC).mkv, audio:-1, size:512x216
08:25:10 DONE: file:/media/Movies/po_semeynim_obstojatelstvam_2.avi, audio:-1, size:512x386
11:08:48 DONE: file:/media/Movies/Dogvill.2003.DivX.DVDRip.Kinozal.TV.avi, audio:-1, size:512x220
11:21:44 DONE: file:/media/Movies/Peyzazhi.vremeni.2012.x264.WEB-DL.1440p.mp4, audio:-1, size:512x288
12:41:31 DONE: file:/media/Movies/Jesus Christ Superstar.avi, audio:-1, size:512x408
14:13:30 DONE: file:/media/Movies/Vverh.3D.2009.x264.BDRip.(1080p).mkv, audio:1, size:512x288
14:27:15 DONE: file:/media/Movies/Fear and Loathing in Las-Vegas.BDRip-AVC.mkv, audio:-1, size:512x216
15:11:44 DONE: file:/media/Movies/proshaite_faraonu_1.46_[torrents.ru]_by_bm11.avi, audio:-1, size:512x266
16:16:15 DONE: file:/media/Movies/Chuzhie.sredi.nas.1988.XviD.BDRip.HQCLUB.avi, audio:-1, size:512x226
12:32:37 DONE: file:/media/Movies/Старые песни о главном-2.1997.DVDRip.avi, audio:-1, size:512x308
13:50:42 DONE: file:/media/Movies/Tangled (2010) [BDRip 1080p].mkv, audio:-1, size:512x288
14:36:48 DONE: file:/media/Movies/Список Шиндлера.avi, audio:-1, size:512x266
16:23:43 DONE: file:/media/Movies/Kevin Spacey/Zhizn.Davida.Geila.2003.XviD.HDRip.avi, audio:-1, size:512x216
16:54:40 DONE: file:/media/Movies/The.Heat.BDRip.1080p.HDR.mkv, audio:-1, size:512x212
17:41:40 DONE: file:/media/Movies/Kevin Spacey/Semy.1995.XviD.DVDRip(BDRip).Kinozal.TV.avi, audio:-1, size:512x216
18:50:49 DONE: file:/media/Movies/Kevin Spacey/Peregovorschik.1998.x264.BDRip.(AVC).Kinozal.TV.mkv, audio:-1, size:512x212
19:32:01 DONE: file:/media/Movies/Kevin Spacey/Secrety.Los-Andzhelesa.1997.x264.BDRip(AVC).Olegov.mkv, audio:-1, size:512x212
20:21:22 DONE: file:/media/Movies/Kevin Spacey/Podozritelnie.lica.1995.x264.BDRip.(AVC)_SilaVetra.mkv, audio:-1, size:512x216
20:44:08 DONE: file:/media/Movies/Kevin Spacey/Krasota.po.amerikanski.1999.XviD.DVDRip.(BDRip).avi, audio:-1, size:512x216
21:34:51 DONE: file:/media/Movies/Tarcovsky Filmografija DVDRip/Soljaris_(2_iz_2)_(1972)_DivX_DVDRip.avi, audio:-1, size:512x230
21:39:14 DONE: file:/media/Movies/Kevin Spacey/U.morja.2004.XviD.DVDRip.Kinozal.TV.avi, audio:-1, size:512x290
22:42:37 DONE: file:/media/Movies/Tarcovsky Filmografija DVDRip/Andrey_Rubljev_(2_iz_2)_(1966)_DivX_DVDRip.avi, audio:-1, size:512x242
22:51:40 DONE: file:/media/Movies/Tarcovsky Filmografija DVDRip/Ivanovo_Detstvo_(1962)_DivX_DVDRip.avi, audio:-1, size:512x384
23:40:20 DONE: file:/media/Movies/Документальные/BBC Series/BBC. Приключения капли воды.mkv, audio:-1, size:512x408
00:09:04 DONE: file:/media/Movies/Документальные/BBC Series/BBC.The.Story.of.Science.3of6.How.Did.We.Get.Here.HDTV.x264.AC3.MVGroup.org.mkv, audio:-1, size:512x288
00:10:13 DONE: file:/media/Movies/Tarcovsky Filmografija DVDRip/Zerkalo_(1974)_DivX_DVDRip.avi, audio:-1, size:512x376
01:18:36 DONE: file:/media/Movies/Документальные/BBC Series/BBC.The.Story.of.Science.1of6.What.Is.Out.There.HDTV.x264.AC3.MVGroup.org.mkv, audio:-1, size:512x288
01:23:07 DONE: file:/media/Movies/Документальные/BBC Series/BBC.How.Earth.Made.Us.4of5.Fire.HDTV.x264.AC3.MVGroup.org.mkv, audio:-1, size:512x288
02:30:15 DONE: file:/media/Movies/Документальные/BBC Series/BBC.How.Earth.Made.Us.3of5.Wind.HDTV.x264.AC3.MVGroup.org.mkv, audio:-1, size:512x288
02:35:34 DONE: file:/media/Movies/Документальные/BBC Series/BBC.How.Earth.Made.Us.2of5.Water.HDTV.x264.AC3.MVGroup.org.mkv, audio:-1, size:512x288
03:42:21 DONE: file:/media/Movies/Документальные/BBC Series/BBC.How.Earth.Made.Us.1of5.Deep.Earth.HDTV.x264.AC3.MVGroup.org.mkv, audio:-1, size:512x288
03:46:48 DONE: file:/media/Movies/Документальные/BBC Series/BBC.How.Earth.Made.Us.5of5.Human.Planet.HDTV.x264.AC3.MVGroup.org.mkv, audio:-1, size:512x288
04:22:30 DONE: file:/media/Movies/Документальные/BBC Series/BBC - Сверхмассивные черные дыры BBC - Supermassive black holes (2006) DVDRip/BBC_SupermassiveBlackHoles_DVDRip.avi, audio:-1, size:512x384
04:53:41 DONE: file:/media/Movies/Документальные/BBC Series/BBC.Richard.Hammonds.Invisible.Worlds.HDTV.x264.AC3.MVGroup.org/BBC.Richard.Hammonds.Invisible.Worlds.2of3.Out.of.Sight.HDTV.x264.AC3.MVGroup.org.mkv, audio:-1, size:512x288
04:55:11 DONE: file:/media/Movies/Документальные/BBC Series/BBC.Richard.Hammonds.Invisible.Worlds.HDTV.x264.AC3.MVGroup.org/BBC.Richard.Hammonds.Invisible.Worlds.1of3.Speed.Limits.HDTV.x264.AC3.MVGroup.org.mkv, audio:-1, size:512x288
05:23:06 DONE: file:/media/Movies/Документальные/N.G.Ispitayte.svoy.mozg.(1.sezon.3.serii.iz.3).2011.DivX.DVDRip/N.G.Ispitayte.svoy.mozg.(1.sezon.01.seriya.iz.3).2011.DivX.DVDRip.avi, audio:-1, size:512x278
05:25:27 DONE: file:/media/Movies/Документальные/N.G.Ispitayte.svoy.mozg.(1.sezon.3.serii.iz.3).2011.DivX.DVDRip/N.G.Ispitayte.svoy.mozg.(1.sezon.03.seriya.iz.3).2011.DivX.DVDRip.avi, audio:-1, size:512x278
05:53:56 DONE: file:/media/Movies/Документальные/N.G.Ispitayte.svoy.mozg.(1.sezon.3.serii.iz.3).2011.DivX.DVDRip/N.G.Ispitayte.svoy.mozg.(1.sezon.02.seriya.iz.3).2011.DivX.DVDRip.avi, audio:-1, size:512x278
06:26:40 DONE: file:/media/Movies/Документальные/The Universe/vselennaja_08_serija.mkv, audio:-1, size:512x288
06:43:00 DONE: file:/media/Movies/Документальные/The Universe/vselennaja_05_serija.mkv, audio:-1, size:512x288
07:17:23 DONE: file:/media/Movies/Документальные/The Universe/vselennaja_11_serija.mkv, audio:-1, size:512x288
07:33:10 DONE: file:/media/Movies/Документальные/The Universe/vselennaja_02_serija.mkv, audio:-1, size:512x288
08:07:36 DONE: file:/media/Movies/Документальные/The Universe/vselennaja_16_serija.mkv, audio:-1, size:512x288
08:13:54 DONE: file:/media/Movies/Документальные/The Universe/vselennaja_15_serija.mkv, audio:-1, size:512x288
08:52:23 DONE: file:/media/Movies/Документальные/The Universe/vselennaja_10_serija.mkv, audio:-1, size:512x288
08:57:29 DONE: file:/media/Movies/Документальные/The Universe/vselennaja_06_serija.mkv, audio:-1, size:512x288
09:31:47 DONE: file:/media/Movies/Документальные/The Universe/vselennaja_07_serija.mkv, audio:-1, size:512x288
10:00:27 DONE: file:/media/Movies/Документальные/The Universe/vselennaja_03_serija.mkv, audio:-1, size:512x288
10:51:00 DONE: file:/media/Movies/Документальные/The Universe/vselennaja_04_serija.mkv, audio:-1, size:512x288
10:54:01 DONE: file:/media/Movies/Документальные/The Universe/vselennaja_09_serija.mkv, audio:-1, size:512x288
11:30:51 DONE: file:/media/Movies/Документальные/The Universe/vselennaja_13_serija.mkv, audio:-1, size:512x288
11:32:56 DONE: file:/media/Movies/Документальные/The Universe/vselennaja_18.serija.mkv, audio:-1, size:512x288
12:13:21 DONE: file:/media/Movies/Документальные/The Universe/vselennaja_01_serija.mkv, audio:-1, size:512x288
12:28:59 DONE: file:/media/Movies/Документальные/The Universe/vselennaja_12_serija.mkv, audio:-1, size:512x288
12:58:44 DONE: file:/media/Movies/Документальные/The Universe/vselennaja_14_serija.mkv, audio:-1, size:512x288
13:13:40 DONE: file:/media/Movies/Документальные/The Universe/vselennaja_17_serija.mkv, audio:-1, size:512x288
14:04:05 DONE: file:/media/Movies/Документальные/Животные/Animal Armageddon/СЕРИЯ 3 - ВЕЛИКОЕ ВЫМИРАНИЕ.MKV, audio:-1, size:512x280
14:08:32 DONE: file:/media/Movies/Документальные/Животные/Animal Armageddon/СЕРИЯ 1 - ЛУЧИ СМЕРТИ.MKV, audio:-1, size:512x280
14:59:53 DONE: file:/media/Movies/Документальные/Животные/Animal Armageddon/СЕРИЯ 7 - ОГОНЬ И ЛЁД.MKV, audio:-1, size:512x280
15:01:47 DONE: file:/media/Movies/Документальные/Животные/Animal Armageddon/СЕРИЯ 8 - ГРЯДУЩЕЕ ВЫМИРАНИЕ.MKV, audio:-1, size:512x280
15:51:40 DONE: file:/media/Movies/Документальные/Животные/Animal Armageddon/СЕРИЯ 4 - ЗАДОХНУВШИЕСЯ.MKV, audio:-1, size:512x280
15:52:38 DONE: file:/media/Movies/Документальные/Животные/Animal Armageddon/СЕРИЯ 6 - РАЗВЕРЗНУТЫЕ НЕБЕСА.MKV, audio:-1, size:512x280
16:46:35 DONE: file:/media/Movies/Документальные/Животные/Animal Armageddon/СЕРИЯ 5 - СУДНЫЙ ДЕНЬ.MKV, audio:-1, size:512x280
16:47:26 DONE: file:/media/Movies/Документальные/Животные/Animal Armageddon/СЕРИЯ 2 - АД НА ЗЕМЛЕ.MKV, audio:-1, size:512x280
16:51:01 DONE: file:/media/Movies/Документальные/Космическая Экспедиция/Kosmicheskaja.jekspedicija.(008.seriya.iz.150).Alfonso.Desjatyj.2002.DivX.SATRip.avi, audio:-1, size:512x384
16:51:46 DONE: file:/media/Movies/Документальные/Космическая Экспедиция/Kosmicheskaja.jekspedicija.(122.seriya.iz.150).Mlechnyj.put.letom.2002.DivX.SATRip.avi, audio:-1, size:512x384
16:57:06 DONE: file:/media/Movies/Документальные/Космическая Экспедиция/Kosmicheskaja.jekspedicija.(053.seriya.iz.150).Jekliptika.2002.DivX.SATRip.avi, audio:-1, size:512x384
16:58:03 DONE: file:/media/Movies/Документальные/Космическая Экспедиция/Kosmicheskaja.jekspedicija.(010.seriya.iz.150).Isaak.Njuton.2002.DivX.SATRip.avi, audio:-1, size:512x384
17:03:10 DONE: file:/media/Movies/Документальные/Космическая Экспедиция/Kosmicheskaja.jekspedicija.(130.seriya.iz.150).Klassy.galaktik.2002.DivX.SATRip.avi, audio:-1, size:512x384
17:03:10 DONE: file:/media/Movies/Документальные/Космическая Экспедиция/Kosmicheskaja.jekspedicija.(020.seriya.iz.150).Bolshie.teleskopy.2002.DivX.SATRip.avi, audio:-1, size:512x384
17:07:40 DONE: file:/media/Movies/Документальные/Космическая Экспедиция/Kosmicheskaja.jekspedicija.(028.seriya.iz.150).Teleskop.Xabbl.2002.DivX.SATRip.avi, audio:-1, size:512x384
17:08:10 DONE: file:/media/Movies/Документальные/Космическая Экспедиция/Kosmicheskaja.jekspedicija.(023.seriya.iz.150).Radioteleskopy.2002.DivX.SATRip.avi, audio:-1, size:512x384
17:12:40 DONE: file:/media/Movies/Документальные/Космическая Экспедиция/Kosmicheskaja.jekspedicija.(119.seriya.iz.150).Poljarnaja.zvezda.2002.DivX.SATRip.avi, audio:-1, size:512x384
17:13:03 DONE: file:/media/Movies/Документальные/Космическая Экспедиция/Kosmicheskaja.jekspedicija.(091.seriya.iz.150).Padenie.komet.2002.DivX.SATRip.avi, audio:-1, size:512x384
17:17:09 DONE: file:/media/Movies/Документальные/Космическая Экспедиция/Kosmicheskaja.jekspedicija.(012.seriya.iz.150).Astronomy.xudozhniki.2002.DivX.SATRip.avi, audio:-1, size:512x384
17:18:04 DONE: file:/media/Movies/Документальные/Космическая Экспедиция/Kosmicheskaja.jekspedicija.(131.seriya.iz.150).Stolknovenija.galaktik.2002.DivX.SATRip.avi, audio:-1, size:512x384
17:21:42 DONE: file:/media/Movies/Документальные/Космическая Экспедиция/Kosmicheskaja.jekspedicija.(013.seriya.iz.150).Astronomicheskaja.moda.2002.DivX.SATRip.avi, audio:-1, size:512x384
17:22:40 DONE: file:/media/Movies/Документальные/Космическая Экспедиция/Kosmicheskaja.jekspedicija.(148.seriya.iz.150).Prostranstvo.i.vremja.2002.DivX.SATRip.avi, audio:-1, size:512x384
17:26:07 DONE: file:/media/Movies/Документальные/Космическая Экспедиция/Kosmicheskaja.jekspedicija.(032.seriya.iz.150).Vzgljad.izdaleka.2002.DivX.SATRip.avi, audio:-1, size:512x384
17:27:28 DONE: file:/media/Movies/Документальные/Космическая Экспедиция/Kosmicheskaja.jekspedicija.(027.seriya.iz.150).Pioner.10.2002.DivX.SATRip.avi, audio:-1, size:512x384
17:30:20 DONE: file:/media/Movies/Документальные/Космическая Экспедиция/Kosmicheskaja.jekspedicija.(025.seriya.iz.150).Mechta.o.poljotax.2002.DivX.SATRip.avi, audio:-1, size:512x384
17:31:50 DONE: file:/media/Movies/Документальные/Космическая Экспедиция/Kosmicheskaja.jekspedicija.(139.seriya.iz.150).Galaktika.M87.2002.DivX.SATRip.avi, audio:-1, size:512x384
17:34:50 DONE: file:/media/Movies/Документальные/Космическая Экспедиция/Kosmicheskaja.jekspedicija.(026.seriya.iz.150).Sputnik.2002.DivX.SATRip.avi, audio:-1, size:512x384
17:36:39 DONE: file:/media/Movies/Документальные/Космическая Экспедиция/Kosmicheskaja.jekspedicija.(021.seriya.iz.150).Fotografii.v.astronomii.2002.DivX.SATRip.avi, audio:-1, size:512x384
17:39:54 DONE: file:/media/Movies/Документальные/Космическая Экспедиция/Kosmicheskaja.jekspedicija.(007.seriya.iz.150).Astronomija.Majja.2002.DivX.SATRip.avi, audio:-1, size:512x384
17:41:41 DONE: file:/media/Movies/Документальные/Космическая Экспедиция/Kosmicheskaja.jekspedicija.(133.seriya.iz.150).Mlechnyj.put.2002.DivX.SATRip.avi, audio:-1, size:512x384
17:44:48 DONE: file:/media/Movies/Документальные/Космическая Экспедиция/Kosmicheskaja.jekspedicija.(030.seriya.iz.150).Mezhplanetnaja.stancija.Kassini.2002.DivX.SATRip.avi, audio:-1, size:512x384
17:46:27 DONE: file:/media/Movies/Документальные/Космическая Экспедиция/Kosmicheskaja.jekspedicija.(146.seriya.iz.150).Paradoks.Olbersa.2002.DivX.SATRip.avi, audio:-1, size:512x384
17:50:43 DONE: file:/media/Movies/Документальные/Космическая Экспедиция/Kosmicheskaja.jekspedicija.(054.seriya.iz.150).Fotosfera.2002.DivX.SATRip.avi, audio:-1, size:512x384
17:52:16 DONE: file:/media/Movies/Документальные/Космическая Экспедиция/Kosmicheskaja.jekspedicija.(115.seriya.iz.150).Sverhnovaja.zvezda.2002.DivX.SATRip.avi, audio:-1, size:512x384
17:56:24 DONE: file:/media/Movies/Документальные/Космическая Экспедиция/Kosmicheskaja.jekspedicija.(085.seriya.iz.150).Asteroidy.2002.DivX.SATRip.avi, audio:-1, size:512x384
17:57:25 DONE: file:/media/Movies/Документальные/Космическая Экспедиция/Kosmicheskaja.jekspedicija.(011.seriya.iz.150).Levere.i.Flammarion.2002.DivX.SATRip.avi, audio:-1, size:512x384
18:02:25 DONE: file:/media/Movies/Документальные/Космическая Экспедиция/Kosmicheskaja.jekspedicija.(102.seriya.iz.150).Sozvezdie.Gonchie.psy.2002.DivX.SATRip.avi, audio:-1, size:512x384
18:04:01 DONE: file:/media/Movies/Документальные/Космическая Экспедиция/Kosmicheskaja.jekspedicija.(134.seriya.iz.150).Sozvezdie.Deva.i.Volosy.Veroniki.2002.DivX.SATRip.avi, audio:-1, size:512x384
18:08:02 DONE: file:/media/Movies/Документальные/Космическая Экспедиция/Kosmicheskaja.jekspedicija.(019.seriya.iz.150).Teleskop.Njutona.2002.DivX.SATRip.avi, audio:-1, size:512x384
18:10:01 DONE: file:/media/Movies/Документальные/Космическая Экспедиция/Kosmicheskaja.jekspedicija.(149.seriya.iz.150).Chjornye.dyry.2002.DivX.SATRip.avi, audio:-1, size:512x384
18:15:02 DONE: file:/media/Movies/Документальные/Космическая Экспедиция/Kosmicheskaja.jekspedicija.(144.seriya.iz.150).Sootnoshenie.razmerov.planet.2002.DivX.SATRip.avi, audio:-1, size:512x384
18:16:42 DONE: file:/media/Movies/Документальные/Космическая Экспедиция/Kosmicheskaja.jekspedicija.(086.seriya.iz.150).Formy.kosmicheskix.tel.2002.DivX.SATRip.avi, audio:-1, size:512x384
18:22:34 DONE: file:/media/Movies/Документальные/Космическая Экспедиция/Kosmicheskaja.jekspedicija.(137.seriya.iz.150).Galaktika.M51.2002.DivX.SATRip.avi, audio:-1, size:512x384
18:24:17 DONE: file:/media/Movies/Документальные/Космическая Экспедиция/Kosmicheskaja.jekspedicija.(022.seriya.iz.150).Radioastronomija.2002.DivX.SATRip.avi, audio:-1, size:512x384
18:29:53 DONE: file:/media/Movies/Документальные/Космическая Экспедиция/Kosmicheskaja.jekspedicija.(105.seriya.iz.150).Sozvezdie.Lebed.2002.DivX.SATRip.avi, audio:-1, size:512x384
18:32:27 DONE: file:/media/Movies/Документальные/Космическая Экспедиция/Kosmicheskaja.jekspedicija.(132.seriya.iz.150).Lokalnaja.gruppa.2002.DivX.SATRip.avi, audio:-1, size:512x384
18:37:12 DONE: file:/media/Movies/Документальные/Космическая Экспедиция/Kosmicheskaja.jekspedicija.(098.seriya.iz.150).Sirius.2002.DivX.SATRip.avi, audio:-1, size:512x384
18:40:27 DONE: file:/media/Movies/Документальные/Космическая Экспедиция/Kosmicheskaja.jekspedicija.(009.seriya.iz.150).Nikolaj.Kopernik.2002.DivX.SATRip.avi, audio:-1, size:512x384
18:44:24 DONE: file:/media/Movies/Документальные/Космическая Экспедиция/Kosmicheskaja.jekspedicija.(060.seriya.iz.150).Gory.2002.DivX.SATRip.avi, audio:-1, size:512x384
18:46:56 DONE: file:/media/Movies/Документальные/Космическая Экспедиция/Kosmicheskaja.jekspedicija.(062.seriya.iz.150).Vzgljad.so.sputnikov.2002.DivX.SATRip.avi, audio:-1, size:512x384
18:51:11 DONE: file:/media/Movies/Документальные/Космическая Экспедиция/Kosmicheskaja.jekspedicija.(121.seriya.iz.150).Zvjozdnyj.zoopark.2002.DivX.SATRip.avi, audio:-1, size:512x384
18:55:17 DONE: file:/media/Movies/Документальные/Космическая Экспедиция/Kosmicheskaja.jekspedicija.(093.seriya.iz.150).Orion.2002.DivX.SATRip.avi, audio:-1, size:512x384
18:57:58 DONE: file:/media/Movies/Документальные/Космическая Экспедиция/Kosmicheskaja.jekspedicija.(036.seriya.iz.150).Orientirovanie.po.zvjozdam.2002.DivX.SATRip.avi, audio:-1, size:512x384
19:02:40 DONE: file:/media/Movies/Документальные/Космическая Экспедиция/Kosmicheskaja.jekspedicija.(016.seriya.iz.150).Svet.2002.DivX.SATRip.avi, audio:-1, size:512x384
19:04:54 DONE: file:/media/Movies/Документальные/Космическая Экспедиция/Kosmicheskaja.jekspedicija.(143.seriya.iz.150).Protjazhennost.Vselennoj.2002.DivX.SATRip.avi, audio:-1, size:512x384
19:09:50 DONE: file:/media/Movies/Документальные/Космическая Экспедиция/Kosmicheskaja.jekspedicija.(101.seriya.iz.150).Sozvezdie.Rak.2002.DivX.SATRip.avi, audio:-1, size:512x384
19:12:25 DONE: file:/media/Movies/Документальные/Космическая Экспедиция/Kosmicheskaja.jekspedicija.(037.seriya.iz.150).Ravnodenstvie.2002.DivX.SATRip.avi, audio:-1, size:512x384
19:17:19 DONE: file:/media/Movies/Документальные/Космическая Экспедиция/Kosmicheskaja.jekspedicija.(138.seriya.iz.150).Galaktiki.M81.i.M82.2002.DivX.SATRip.avi, audio:-1, size:512x384
19:19:27 DONE: file:/media/Movies/Документальные/Космическая Экспедиция/Kosmicheskaja.jekspedicija.(059.seriya.iz.150).Voda.i.ljod.2002.DivX.SATRip.avi, audio:-1, size:512x384
19:24:01 DONE: file:/media/Movies/Документальные/Космическая Экспедиция/Kosmicheskaja.jekspedicija.(141.seriya.iz.150).Muzyka.Vselennoj.2002.DivX.SATRip.avi, audio:-1, size:512x384
19:26:24 DONE: file:/media/Movies/Документальные/Космическая Экспедиция/Kosmicheskaja.jekspedicija.(117.seriya.iz.150).Katalog.Mese.2002.DivX.SATRip.avi, audio:-1, size:512x384
08:29:06 DONE: file:/media/Movies/Документальные/Космическая Экспедиция/Kosmicheskaja.jekspedicija.(006.seriya.iz.150).Arabskaja.astronomija.2002.DivX.SATRip.avi, audio:-1, size:512x384
08:29:19 DONE: file:/media/Movies/Документальные/Космическая Экспедиция/Kosmicheskaja.jekspedicija.(049.seriya.iz.150).Obratnaja.storona.Luny.2002.DivX.SATRip.avi, audio:-1, size:512x384
08:33:31 DONE: file:/media/Movies/Документальные/Космическая Экспедиция/Kosmicheskaja.jekspedicija.(029.seriya.iz.150).Rabota.Xabbla.2002.DivX.SATRip.avi, audio:-1, size:512x384
08:33:32 DONE: file:/media/Movies/Документальные/Космическая Экспедиция/Kosmicheskaja.jekspedicija.(005.seriya.iz.150).Zatmenija.2002.DivX.SATRip.avi, audio:-1, size:512x384
08:37:45 DONE: file:/media/Movies/Документальные/Космическая Экспедиция/Kosmicheskaja.jekspedicija.(142.seriya.iz.150).Traektorii.galaktik.2002.DivX.SATRip.avi, audio:-1, size:512x384
08:37:56 DONE: file:/media/Movies/Документальные/Космическая Экспедиция/Kosmicheskaja.jekspedicija.(038.seriya.iz.150).Poljarnoe.sijanie.2002.DivX.SATRip.avi, audio:-1, size:512x384
08:41:54 DONE: file:/media/Movies/Документальные/Космическая Экспедиция/Kosmicheskaja.jekspedicija.(136.seriya.iz.150).Gamma.istochniki.2002.DivX.SATRip.avi, audio:-1, size:512x384
08:42:01 DONE: file:/media/Movies/Документальные/Космическая Экспедиция/Kosmicheskaja.jekspedicija.(015.seriya.iz.150).Parad.planet.2002.DivX.SATRip.avi, audio:-1, size:512x384
08:45:50 DONE: file:/media/Movies/Документальные/Космическая Экспедиция/Kosmicheskaja.jekspedicija.(135.seriya.iz.150).Sozvezdie.Deva.Kvazary.2002.DivX.SATRip.avi, audio:-1, size:512x384
08:46:02 DONE: file:/media/Movies/Документальные/Космическая Экспедиция/Kosmicheskaja.jekspedicija.(014.seriya.iz.150).Oshibki.2002.DivX.SATRip.avi, audio:-1, size:512x384
08:50:14 DONE: file:/media/Movies/Документальные/Космическая Экспедиция/Kosmicheskaja.jekspedicija.(147.seriya.iz.150).Edinaja.model.Vselennoj.2002.DivX.SATRip.avi, audio:-1, size:512x384
08:50:17 DONE: file:/media/Movies/Документальные/Космическая Экспедиция/Kosmicheskaja.jekspedicija.(039.seriya.iz.150).Istorija.Luny.2002.DivX.SATRip.avi, audio:-1, size:512x384
08:54:14 DONE: file:/media/Movies/Документальные/Космическая Экспедиция/Kosmicheskaja.jekspedicija.(035.seriya.iz.150).Kratery.2002.DivX.SATRip.avi, audio:-1, size:512x384
08:54:27 DONE: file:/media/Movies/Документальные/Космическая Экспедиция/Kosmicheskaja.jekspedicija.(064.seriya.iz.150).Osobennosti.Merkurija.2002.DivX.SATRip.avi, audio:-1, size:512x384
08:58:19 DONE: file:/media/Movies/Документальные/Космическая Экспедиция/Kosmicheskaja.jekspedicija.(095.seriya.iz.150).Zvezda.Jeta.Kilja.2002.DivX.SATRip.avi, audio:-1, size:512x384
08:58:31 DONE: file:/media/Movies/Документальные/Космическая Экспедиция/Kosmicheskaja.jekspedicija.(031.seriya.iz.150).MKS.2002.DivX.SATRip.avi, audio:-1, size:512x384
09:02:40 DONE: file:/media/Movies/Документальные/Космическая Экспедиция/Kosmicheskaja.jekspedicija.(067.seriya.iz.150).Lica.Marsa.2002.DivX.SATRip.avi, audio:-1, size:512x384
09:03:02 DONE: file:/media/Movies/Документальные/Космическая Экспедиция/Kosmicheskaja.jekspedicija.(150.seriya.iz.150).Nachalo.i.konec.2002.DivX.SATRip.avi, audio:-1, size:512x384
10:20:58 DONE: file:/media/Movies/Документальные/Космос/Complete Cosmos Part 2.avi, audio:1, size:448x336
10:37:34 DONE: file:/media/Movies/Документальные/Космос/Complete Cosmos Part 1.avi, audio:-1, size:496x368
11:18:38 DONE: file:/media/Movies/Документальные/Космос/How The Universe Works/how.the.universe.works.s01e02.720p-dhd.mkv, audio:-1, size:512x288
11:19:00 DONE: file:/media/Movies/Документальные/Океан/Бездна_BBC.avi, audio:-1, size:512x384
11:45:23 DONE: file:/media/Music/Date/2013.01/Mike Oldfield - Exposed_Disco 1/VIDEO_TS/VTS_01_3.VOB, audio:-1, size:512x408
11:50:23 DONE: file:/media/Music/Date/2013.01/Mike Oldfield - Exposed_Disco 1/VIDEO_TS/VTS_01_6.VOB, audio:-1, size:512x408
12:11:31 DONE: file:/media/Music/Date/2013.01/Mike Oldfield - Exposed_Disco 1/VIDEO_TS/VTS_01_1.VOB, audio:-1, size:512x408
12:17:24 DONE: file:/media/Music/Date/2013.01/Mike Oldfield - Exposed_Disco 1/VIDEO_TS/VTS_01_5.VOB, audio:-1, size:512x408
12:40:24 DONE: file:/media/Music/Date/2013.01/Mike Oldfield - Exposed_Disco 1/VIDEO_TS/VTS_01_7.VOB, audio:-1, size:512x408
12:47:16 DONE: file:/media/Music/Date/2013.01/Mike Oldfield - Exposed_Disco 1/VIDEO_TS/VTS_01_4.VOB, audio:-1, size:512x408
13:05:50 DONE: file:/media/Music/Date/2013.01/Mike Oldfield - Exposed_Disco 1/VIDEO_TS/VTS_01_2.VOB, audio:-1, size:512x408
13:12:37 DONE: file:/media/Music/Date/2013.01/Mike Oldfield - Exposed_Disco 2/VIDEO_TS/VTS_01_7.VOB, audio:-1, size:512x408
13:31:46 DONE: file:/media/Music/Date/2013.01/Mike Oldfield - Exposed_Disco 2/VIDEO_TS/VTS_01_1.VOB, audio:-1, size:512x408
13:37:18 DONE: file:/media/Music/Date/2013.01/Mike Oldfield - Exposed_Disco 2/VIDEO_TS/VTS_01_2.VOB, audio:-1, size:512x408
13:58:45 DONE: file:/media/Music/Date/2013.01/Mike Oldfield - Exposed_Disco 2/VIDEO_TS/VTS_01_6.VOB, audio:-1, size:512x408
14:02:42 DONE: file:/media/Music/Date/2013.01/Mike Oldfield - Exposed_Disco 2/VIDEO_TS/VTS_01_3.VOB, audio:-1, size:512x408
14:24:21 DONE: file:/media/Music/Date/2013.01/Mike Oldfield - Exposed_Disco 2/VIDEO_TS/VTS_01_4.VOB, audio:-1, size:512x408
14:28:23 DONE: file:/media/Music/Date/2013.01/Mike Oldfield - Exposed_Disco 2/VIDEO_TS/VTS_01_5.VOB, audio:-1, size:512x408
14:59:00 DONE: file:/media/Serials/Breaking Bad/Breaking Bad 1 - LostFilm.TV/Breaking.Bad.s01e03.rus.LostFilm.TV.avi, audio:-1, size:512x288
15:01:24 DONE: file:/media/Serials/Breaking Bad/Breaking Bad 1 - LostFilm.TV/Breaking.Bad.s01e01.rus.LostFilm.TV.avi, audio:-1, size:512x288
15:29:59 DONE: file:/media/Serials/Breaking Bad/Breaking Bad 1 - LostFilm.TV/Breaking.Bad.s01e02.rus.LostFilm.TV.avi, audio:-1, size:512x288
15:32:38 DONE: file:/media/Serials/Breaking Bad/Breaking Bad 1 - LostFilm.TV/Breaking.Bad.s01e04.rus.LostFilm.TV.avi, audio:-1, size:512x288
16:00:30 DONE: file:/media/Serials/Breaking Bad/Breaking Bad 1 - LostFilm.TV/Breaking.Bad.s01e07.rus.LostFilm.TV.avi, audio:-1, size:512x288
16:04:32 DONE: file:/media/Serials/Breaking Bad/Breaking Bad 1 - LostFilm.TV/Breaking.Bad.s01e06.rus.LostFilm.TV.avi, audio:-1, size:512x288
16:31:13 DONE: file:/media/Serials/Breaking Bad/Breaking Bad 1 - LostFilm.TV/Breaking.Bad.s01e05.rus.LostFilm.TV.avi, audio:-1, size:512x288
16:34:51 DONE: file:/media/Serials/Breaking Bad/Breaking Bad 2 - LostFilm.TV/Breaking.Bad.S02E10.rus.LostFilm.TV.avi, audio:-1, size:512x294
17:02:11 DONE: file:/media/Serials/Breaking Bad/Breaking Bad 2 - LostFilm.TV/Breaking.Bad.S02E11.rus.LostFilm.TV.avi, audio:-1, size:512x294
17:05:11 DONE: file:/media/Serials/Breaking Bad/Breaking Bad 2 - LostFilm.TV/Breaking.Bad.S02E07.rus.LostFilm.TV.avi, audio:-1, size:512x294
17:32:57 DONE: file:/media/Serials/Breaking Bad/Breaking Bad 2 - LostFilm.TV/Breaking.Bad.S02E06.rus.LostFilm.TV.avi, audio:-1, size:512x294
17:36:29 DONE: file:/media/Serials/Breaking Bad/Breaking Bad 2 - LostFilm.TV/Breaking.Bad.S02E05.rus.LostFilm.TV.avi, audio:-1, size:512x294
18:02:58 DONE: file:/media/Serials/Breaking Bad/Breaking Bad 2 - LostFilm.TV/Breaking.Bad.S02E04.rus.LostFilm.TV.avi, audio:-1, size:512x294
18:07:52 DONE: file:/media/Serials/Breaking Bad/Breaking Bad 2 - LostFilm.TV/Breaking.Bad.S02E12.rus.LostFilm.TV.avi, audio:-1, size:512x294
18:34:08 DONE: file:/media/Serials/Breaking Bad/Breaking Bad 2 - LostFilm.TV/Breaking.Bad.S02E13.rus.LostFilm.TV.avi, audio:-1, size:512x294
18:38:47 DONE: file:/media/Serials/Breaking Bad/Breaking Bad 2 - LostFilm.TV/Breaking.Bad.S02E09.rus.LostFilm.TV.avi, audio:-1, size:512x294
19:05:00 DONE: file:/media/Serials/Breaking Bad/Breaking Bad 2 - LostFilm.TV/Breaking.Bad.S02E03.rus.LostFilm.TV.avi, audio:-1, size:512x294
19:09:16 DONE: file:/media/Serials/Breaking Bad/Breaking Bad 2 - LostFilm.TV/Breaking.Bad.S02E08.rus.LostFilm.TV.avi, audio:-1, size:512x294
19:36:34 DONE: file:/media/Serials/Breaking Bad/Breaking Bad 3 - LostFilm.TV/Breaking.Bad.S03E03.rus.LostFilm.TV.avi, audio:-1, size:512x294
19:39:15 DONE: file:/media/Serials/Breaking Bad/Breaking Bad 3 - LostFilm.TV/Breaking.Bad.S03E09.rus.LostFilm.TV.avi, audio:-1, size:512x288
20:07:08 DONE: file:/media/Serials/Breaking Bad/Breaking Bad 3 - LostFilm.TV/Breaking.Bad.S03E12.rus.LostFilm.TV.avi, audio:-1, size:512x288
20:11:19 DONE: file:/media/Serials/Breaking Bad/Breaking Bad 3 - LostFilm.TV/Breaking.Bad.S03E07.rus.LostFilm.TV.avi, audio:-1, size:512x294
20:38:41 DONE: file:/media/Serials/Breaking Bad/Breaking Bad 3 - LostFilm.TV/Breaking.Bad.S03E05.rus.LostFilm.TV.avi, audio:-1, size:512x294
20:42:43 DONE: file:/media/Serials/Breaking Bad/Breaking Bad 3 - LostFilm.TV/Breaking.Bad.S03E02.rus.LostFilm.TV.avi, audio:-1, size:512x294
21:09:10 DONE: file:/media/Serials/Breaking Bad/Breaking Bad 3 - LostFilm.TV/Breaking.Bad.S03E11.rus.LostFilm.TV.avi, audio:-1, size:512x288
21:14:19 DONE: file:/media/Serials/Breaking Bad/Breaking Bad 3 - LostFilm.TV/Breaking.Bad.S03E01.rus.LostFilm.TV.avi, audio:-1, size:512x294
21:41:32 DONE: file:/media/Serials/Breaking Bad/Breaking Bad 3 - LostFilm.TV/Breaking.Bad.S03E08.rus.LostFilm.TV.avi, audio:-1, size:512x294
21:45:56 DONE: file:/media/Serials/Breaking Bad/Breaking Bad 3 - LostFilm.TV/Breaking.Bad.S03E06.rus.LostFilm.TV.avi, audio:-1, size:512x294
22:12:30 DONE: file:/media/Serials/Breaking Bad/Breaking Bad 3 - LostFilm.TV/Breaking.Bad.S03E13.rus.LostFilm.TV.avi, audio:-1, size:512x288
22:16:33 DONE: file:/media/Serials/Breaking Bad/Breaking Bad 3 - LostFilm.TV/Breaking.Bad.S03E10.rus.LostFilm.TV.avi, audio:-1, size:512x288
22:44:11 DONE: file:/media/Serials/Breaking Bad/Breaking Bad 3 - LostFilm.TV/Breaking.Bad.S03E04.rus.LostFilm.TV.avi, audio:-1, size:512x294
22:48:11 DONE: file:/media/Serials/Breaking Bad/Breaking Bad 4 - LostFilm.TV/Breaking.Bad.S04E01.rus.LostFilm.TV.avi, audio:-1, size:512x290
23:15:06 DONE: file:/media/Serials/Breaking Bad/Breaking Bad 4 - LostFilm.TV/Breaking.Bad.S04E10.rus.LostFilm.TV.avi, audio:-1, size:512x290
23:19:29 DONE: file:/media/Serials/Breaking Bad/Breaking Bad 4 - LostFilm.TV/Breaking.Bad.S04E06.rus.LostFilm.TV.avi, audio:-1, size:512x290
23:45:37 DONE: file:/media/Serials/Breaking Bad/Breaking Bad 4 - LostFilm.TV/Breaking.Bad.S04E09.rus.LostFilm.TV.avi, audio:-1, size:512x290
23:51:25 DONE: file:/media/Serials/Breaking Bad/Breaking Bad 4 - LostFilm.TV/Breaking.Bad.S04E11.rus.LostFilm.TV.avi, audio:-1, size:512x290
00:17:28 DONE: file:/media/Serials/Breaking Bad/Breaking Bad 4 - LostFilm.TV/Breaking.Bad.S04E08.rus.LostFilm.TV.avi, audio:-1, size:512x290
00:21:44 DONE: file:/media/Serials/Breaking Bad/Breaking Bad 4 - LostFilm.TV/Breaking.Bad.S04E04.rus.LostFilm.TV.avi, audio:-1, size:512x290
00:47:21 DONE: file:/media/Serials/Breaking Bad/Breaking Bad 4 - LostFilm.TV/Breaking.Bad.S04E03.rus.LostFilm.TV.avi, audio:-1, size:512x290
00:54:20 DONE: file:/media/Serials/Breaking Bad/Breaking Bad 4 - LostFilm.TV/Breaking.Bad.S04E13.rus.LostFilm.TV.avi, audio:-1, size:512x290
01:18:01 DONE: file:/media/Serials/Breaking Bad/Breaking Bad 4 - LostFilm.TV/Breaking.Bad.S04E07.rus.LostFilm.TV.avi, audio:-1, size:512x290
01:25:51 DONE: file:/media/Serials/Breaking Bad/Breaking Bad 4 - LostFilm.TV/Breaking.Bad.S04E05.rus.LostFilm.TV.avi, audio:-1, size:512x290
01:48:34 DONE: file:/media/Serials/Breaking Bad/Breaking Bad 4 - LostFilm.TV/Breaking.Bad.S04E02.rus.LostFilm.TV.avi, audio:-1, size:512x290
01:56:28 DONE: file:/media/Serials/Breaking Bad/Breaking Bad 4 - LostFilm.TV/Breaking.Bad.S04E12.rus.LostFilm.TV.avi, audio:-1, size:512x290
02:18:14 DONE: file:/media/Serials/Breaking Bad/Breaking Bad 5 - LostFilm.TV/Breaking.Bad.S05E06.rus.LostFilm.TV.avi, audio:-1, size:512x284
02:25:48 DONE: file:/media/Serials/Breaking Bad/Breaking Bad 5 - LostFilm.TV/Breaking.Bad.S05E07.rus.LostFilm.TV.avi, audio:-1, size:512x284
02:47:41 DONE: file:/media/Serials/Breaking Bad/Breaking Bad 5 - LostFilm.TV/Breaking.Bad.S05E05.rus.LostFilm.TV.avi, audio:-1, size:512x284
02:55:47 DONE: file:/media/Serials/Breaking Bad/Breaking Bad 5 - LostFilm.TV/Breaking.Bad.S05E12.rus.LostFilm.TV.avi, audio:-1, size:512x284
03:18:09 DONE: file:/media/Serials/Breaking Bad/Breaking Bad 5 - LostFilm.TV/Breaking.Bad.S05E11.rus.LostFilm.TV.avi, audio:-1, size:512x284
03:26:09 DONE: file:/media/Serials/Breaking Bad/Breaking Bad 5 - LostFilm.TV/Breaking.Bad.S05E03.rus.LostFilm.TV.avi, audio:-1, size:512x284
03:48:10 DONE: file:/media/Serials/Breaking Bad/Breaking Bad 5 - LostFilm.TV/Breaking.Bad.S05E10.rus.LostFilm.TV.avi, audio:-1, size:512x284
03:55:08 DONE: file:/media/Serials/Breaking Bad/Breaking Bad 5 - LostFilm.TV/Breaking.Bad.S05E08.rus.LostFilm.TV.avi, audio:-1, size:512x284
04:17:52 DONE: file:/media/Serials/Breaking Bad/Breaking Bad 5 - LostFilm.TV/Breaking.Bad.S05E14.rus.LostFilm.TV.avi, audio:-1, size:512x284
04:29:01 DONE: file:/media/Serials/Breaking Bad/Breaking Bad 5 - LostFilm.TV/Breaking.Bad.S05E16.rus.LostFilm.TV.avi, audio:-1, size:512x284
04:44:51 DONE: file:/media/Serials/Breaking Bad/Breaking Bad 5 - LostFilm.TV/Breaking.Bad.S05E01.rus.LostFilm.TV.avi, audio:-1, size:512x284
04:58:25 DONE: file:/media/Serials/Breaking Bad/Breaking Bad 5 - LostFilm.TV/Breaking.Bad.S05E04.rus.LostFilm.TV.avi, audio:-1, size:512x284
05:13:45 DONE: file:/media/Serials/Breaking Bad/Breaking Bad 5 - LostFilm.TV/Breaking.Bad.S05E02.rus.LostFilm.TV.avi, audio:-1, size:512x284
05:27:48 DONE: file:/media/Serials/Breaking Bad/Breaking Bad 5 - LostFilm.TV/Breaking.Bad.S05E13.rus.LostFilm.TV.avi, audio:-1, size:512x284
05:44:20 DONE: file:/media/Serials/Breaking Bad/Breaking Bad 5 - LostFilm.TV/Breaking.Bad.S05E09.rus.LostFilm.TV.avi, audio:-1, size:512x284
06:01:51 DONE: file:/media/Serials/Breaking Bad/Breaking Bad 5 - LostFilm.TV/Breaking.Bad.S05E15.rus.LostFilm.TV.avi, audio:-1, size:512x284
06:33:33 DONE: file:/media/Serials/Priklucheniya.Sherloka.Xolmsa.i.Doktora.Vatsona.1979-1986.XviD.DVDRip-Kinozal.TV/01.seriya.Znakomstvo.1979.XviD.DVDRip.Kinozal.TV.avi, audio:-1, size:512x368
06:56:59 DONE: file:/media/Serials/Priklucheniya.Sherloka.Xolmsa.i.Doktora.Vatsona.1979-1986.XviD.DVDRip-Kinozal.TV/07.seriya.Sobaka.Baskerviley.1981.XviD.DVDRip.Kinozal.TV.avi, audio:-1, size:512x368
07:29:54 DONE: file:/media/Serials/Priklucheniya.Sherloka.Xolmsa.i.Doktora.Vatsona.1979-1986.XviD.DVDRip-Kinozal.TV/06.seriya.Sobaka.Baskerviley.1981.XviD.DVDRip.Kinozal.TV.avi, audio:-1, size:512x368
07:47:06 DONE: file:/media/Serials/Priklucheniya.Sherloka.Xolmsa.i.Doktora.Vatsona.1979-1986.XviD.DVDRip-Kinozal.TV/02.seriya.Krovavaja.nadpis.1979.XviD.DVDRip.Kinozal.TV.avi, audio:-1, size:512x368
08:24:52 DONE: file:/media/Serials/Priklucheniya.Sherloka.Xolmsa.i.Doktora.Vatsona.1979-1986.XviD.DVDRip-Kinozal.TV/11.seriya.20.vek.nachinaetsja.1986.XviD.DVDRip.Kinozal.TV.avi, audio:-1, size:512x368
08:46:49 DONE: file:/media/Serials/Priklucheniya.Sherloka.Xolmsa.i.Doktora.Vatsona.1979-1986.XviD.DVDRip-Kinozal.TV/10.seriya.20.vek.nachinaetsja.1986.XviD.DVDRip.Kinozal.TV.avi, audio:-1, size:512x368
09:21:08 DONE: file:/media/Serials/Priklucheniya.Sherloka.Xolmsa.i.Doktora.Vatsona.1979-1986.XviD.DVDRip-Kinozal.TV/09.seriya.Sokrovisha.Agry.1983.XviD.DVDRip.Kinozal.TV.avi, audio:-1, size:512x368
09:36:55 DONE: file:/media/Serials/Priklucheniya.Sherloka.Xolmsa.i.Doktora.Vatsona.1979-1986.XviD.DVDRip-Kinozal.TV/04.seriya.Smertelnaya.sxvatka.1980.XviD.DVDRip.Kinozal.TV.avi, audio:-1, size:512x368
10:14:55 DONE: file:/media/Serials/Priklucheniya.Sherloka.Xolmsa.i.Doktora.Vatsona.1979-1986.XviD.DVDRip-Kinozal.TV/08.seriya.Sokrovisha.Agry.1983.XviD.DVDRip.Kinozal.TV.avi, audio:-1, size:512x368
10:23:54 DONE: file:/media/Serials/Priklucheniya.Sherloka.Xolmsa.i.Doktora.Vatsona.1979-1986.XviD.DVDRip-Kinozal.TV/03.seriya.Korol.shantaza.1980.XviD.DVDRip.Kinozal.TV.avi, audio:-1, size:512x368
10:40:10 DONE: file:/media/Serials/Scrubs/Season 3/Scrubs 3х21 My Self-Examination.avi, audio:-1, size:512x384
11:00:16 DONE: file:/media/Serials/Scrubs/Season 3/Scrubs 3х12 My Catalyst.avi, audio:-1, size:512x384
11:03:14 DONE: file:/media/Serials/Priklucheniya.Sherloka.Xolmsa.i.Doktora.Vatsona.1979-1986.XviD.DVDRip-Kinozal.TV/05.seriya.Oxota.na.tigra.1980.XviD.DVDRip.Kinozal.TV.avi, audio:-1, size:512x368
11:16:19 DONE: file:/media/Serials/Scrubs/Season 3/Scrubs 3х08 My Friend the Doctor.avi, audio:-1, size:512x384
11:19:37 DONE: file:/media/Serials/Scrubs/Season 3/Scrubs 3х02 My Journey.avi, audio:-1, size:512x384
11:36:21 DONE: file:/media/Serials/Scrubs/Season 3/Scrubs 3х11 My Clean Break.avi, audio:-1, size:512x384
11:37:22 DONE: file:/media/Serials/Scrubs/Season 3/Scrubs 3х04 My Lucky Night.avi, audio:-1, size:512x384
11:52:44 DONE: file:/media/Serials/Scrubs/Season 3/Scrubs 3х17 My Moment of Un-Truth.avi, audio:-1, size:512x384
11:53:23 DONE: file:/media/Serials/Scrubs/Season 3/Scrubs 3х05 My Brother, Where Art Thou.avi, audio:-1, size:512x384
09:19:51 DONE: file:/media/Serials/Scrubs/Season 4/Scrubs 4x14 My Lucky Charm.avi, audio:-1, size:512x384
09:20:58 DONE: file:/media/Serials/Scrubs/Season 4/Scrubs 4x01 My Old Friend's New Friend.avi, audio:-1, size:512x384
09:36:31 DONE: file:/media/Serials/Scrubs/Season 4/Scrubs 4x16 My Quarantine.avi, audio:-1, size:512x384
09:37:47 DONE: file:/media/Serials/Scrubs/Season 4/Scrubs 4x15 My Hypocritical Oath.avi, audio:-1, size:512x384
09:52:54 DONE: file:/media/Serials/Scrubs/Season 4/Scrubs 4x20 My Boss's Free Haircut.avi, audio:-1, size:512x384
09:54:26 DONE: file:/media/Serials/Scrubs/Season 4/Scrubs 4x12 My Best Moment.avi, audio:-1, size:512x384
10:09:36 DONE: file:/media/Serials/Scrubs/Season 4/Scrubs 4x03 My New Game.avi, audio:-1, size:512x384
10:11:16 DONE: file:/media/Serials/Scrubs/Season 4/Scrubs 4x10 My Female Trouble.avi, audio:-1, size:512x384
10:25:55 DONE: file:/media/Serials/Scrubs/Season 4/Scrubs 4x02 My Office.avi, audio:-1, size:512x384
10:27:28 DONE: file:/media/Serials/Scrubs/Season 4/Scrubs 4x09 My Malpractical Decision.avi, audio:-1, size:512x384
10:42:05 DONE: file:/media/Serials/Scrubs/Season 4/Scrubs 4x04 My First Kill.avi, audio:-1, size:512x384
10:44:15 DONE: file:/media/Serials/Scrubs/Season 4/Scrubs 4x25 My Changing Ways.avi, audio:-1, size:512x384
10:58:44 DONE: file:/media/Serials/Scrubs/Season 4/Scrubs 4x23 My Faith in Humanity.avi, audio:-1, size:512x384
11:01:04 DONE: file:/media/Serials/Scrubs/Season 4/Scrubs 4x18 My Roommates.avi, audio:-1, size:512x384
11:15:36 DONE: file:/media/Serials/Scrubs/Season 4/Scrubs 4x17 My Life In Four Cameras.avi, audio:-1, size:512x384
11:17:28 DONE: file:/media/Serials/Scrubs/Season 4/Scrubs 4x08 My Last Chance.avi, audio:-1, size:512x384
11:32:13 DONE: file:/media/Serials/Scrubs/Season 4/Scrubs 4x24 My Drive-By.avi, audio:-1, size:512x384
11:34:01 DONE: file:/media/Serials/Scrubs/Season 4/Scrubs 4x13 My Ocardial Infarction.avi, audio:-1, size:512x384
11:49:09 DONE: file:/media/Serials/Scrubs/Season 4/Scrubs 4x22 My Big Move.avi, audio:-1, size:512x384
11:50:52 DONE: file:/media/Serials/Scrubs/Season 4/Scrubs 4x05 Her Story.avi, audio:-1, size:512x384
12:05:41 DONE: file:/media/Serials/Scrubs/Season 4/Scrubs 4x06 My Cake.avi, audio:-1, size:512x384
12:07:36 DONE: file:/media/Serials/Scrubs/Season 4/Scrubs 4x21 My Lips Are Sealed.avi, audio:-1, size:512x384
12:22:17 DONE: file:/media/Serials/Scrubs/Season 5/Scrubs 5x06 My Missed Perception.avi, audio:-1, size:512x384
12:24:25 DONE: file:/media/Serials/Scrubs/Season 5/Scrubs 5x18 My New Suit.avi, audio:-1, size:512x384
12:39:15 DONE: file:/media/Serials/Scrubs/Season 5/Scrubs 5x17 My Chopped Liver.avi, audio:-1, size:512x384
12:41:17 DONE: file:/media/Serials/Scrubs/Season 5/Scrubs 5x21 My Fallen Idol.avi, audio:-1, size:512x384
12:56:25 DONE: file:/media/Serials/Scrubs/Season 5/Scrubs 5x10 Her Story II.avi, audio:-1, size:512x384
12:58:13 DONE: file:/media/Serials/Scrubs/Season 5/Scrubs 5x11 My Buddy's Booty.avi, audio:-1, size:512x384
13:13:52 DONE: file:/media/Serials/Scrubs/Season 5/Scrubs 5x16 My Bright Idea.avi, audio:-1, size:512x384
13:14:53 DONE: file:/media/Serials/Scrubs/Season 5/Scrubs 5x13 My Five Stages.avi, audio:-1, size:512x384
13:30:45 DONE: file:/media/Serials/Scrubs/Season 5/Scrubs 5x04 My Jiggly Ball.avi, audio:-1, size:512x384
13:31:46 DONE: file:/media/Serials/Scrubs/Season 5/Scrubs 5x15 My Extra Mile.avi, audio:-1, size:512x384
13:47:44 DONE: file:/media/Serials/Scrubs/Season 5/Scrubs 5x14 My Own Personal Hell.avi, audio:-1, size:512x384
13:48:22 DONE: file:/media/Serials/Scrubs/Season 5/Scrubs 5x23 My Urologist.avi, audio:-1, size:512x384
14:04:59 DONE: file:/media/Serials/Scrubs/Season 5/Scrubs 5x09 My Half-Acre.avi, audio:-1, size:512x384
14:05:36 DONE: file:/media/Serials/Scrubs/Season 5/Scrubs 5x19 His Story III.avi, audio:-1, size:512x384
14:21:57 DONE: file:/media/Serials/Scrubs/Season 5/Scrubs 5x02 My Rite of Passage.avi, audio:-1, size:512x384
14:23:31 DONE: file:/media/Serials/Scrubs/Season 5/Scrubs 5x07 My Way Home.avi, audio:-1, size:512x384
14:40:01 DONE: file:/media/Serials/Scrubs/Season 5/Scrubs 5x20 My Lunch.avi, audio:-1, size:512x384
14:40:34 DONE: file:/media/Serials/Scrubs/Season 5/Scrubs 5x03 My Day at the Races.avi, audio:-1, size:512x384
14:57:05 DONE: file:/media/Serials/Scrubs/Season 5/Scrubs 5x05 My New God.avi, audio:-1, size:512x384
14:57:47 DONE: file:/media/Serials/Scrubs/Season 5/Scrubs 5x01 My Intern's Eyes.avi, audio:-1, size:512x384
15:14:12 DONE: file:/media/Serials/Scrubs/Season 5/Scrubs 5x08 My Big Bird.avi, audio:-1, size:512x384
15:15:02 DONE: file:/media/Serials/Scrubs/Season 5/Scrubs 5x24 My Transition.avi, audio:-1, size:512x384
15:31:26 DONE: file:/media/Serials/Scrubs/Season 5/Scrubs 5x12 My Cabbage.avi, audio:-1, size:512x384
15:32:02 DONE: file:/media/Serials/Scrubs/Season 5/Scrubs 5x22 My Deja Vu, My Deja Vu.avi, audio:-1, size:512x384
15:47:59 DONE: file:/media/Serials/Scrubs/Season 6/Scrubs 6x02 My Best Friend's Baby's Baby and My Baby's Baby.avi, audio:-1, size:512x384
15:49:47 DONE: file:/media/Serials/Scrubs/Season 6/Scrubs 6x19 My Cold Shower.avi, audio:-1, size:512x384
16:04:19 DONE: file:/media/Serials/Scrubs/Season 6/Scrubs 6x14 My No Good Reason.avi, audio:-1, size:512x384
16:06:37 DONE: file:/media/Serials/Scrubs/Season 6/Scrubs 6x11 My Night to Remember.avi, audio:-1, size:512x384
16:20:55 DONE: file:/media/Serials/Scrubs/Season 6/Scrubs 6x10 My Therapeutic Month.avi, audio:-1, size:512x384
16:22:53 DONE: file:/media/Serials/Scrubs/Season 6/Scrubs 6x13 My Scrubs.avi, audio:-1, size:512x384
16:37:22 DONE: file:/media/Serials/Scrubs/Season 6/Scrubs 6x09 My Perspective.avi, audio:-1, size:512x384
16:39:11 DONE: file:/media/Serials/Scrubs/Season 6/Scrubs 6x16 My Words of Wisdom.avi, audio:-1, size:512x384
16:54:03 DONE: file:/media/Serials/Scrubs/Season 6/Scrubs 6x21 My Rabbit.avi, audio:-1, size:512x384
16:58:53 DONE: file:/media/Serials/Scrubs/Season 6/Scrubs 6x15 My Long Goodbye.avi, audio:-1, size:512x384
17:10:44 DONE: file:/media/Serials/Scrubs/Season 6/Scrubs 6x03 My Coffee.avi, audio:-1, size:512x384
17:15:23 DONE: file:/media/Serials/Scrubs/Season 6/Scrubs 6x07 His Story IV.avi, audio:-1, size:512x384
17:27:37 DONE: file:/media/Serials/Scrubs/Season 6/Scrubs 6x22 My Point of No Return.avi, audio:-1, size:512x384
17:34:04 DONE: file:/media/Serials/Scrubs/Season 6/Scrubs 6x06 My Musical.avi, audio:-1, size:512x384
17:44:10 DONE: file:/media/Serials/Scrubs/Season 6/Scrubs 6x04 My House.avi, audio:-1, size:512x384
17:50:51 DONE: file:/media/Serials/Scrubs/Season 6/Scrubs 6x01 My Mirror Image.avi, audio:-1, size:512x384
18:00:48 DONE: file:/media/Serials/Scrubs/Season 6/Scrubs 6x17 Their Story.avi, audio:-1, size:512x384
18:07:39 DONE: file:/media/Serials/Scrubs/Season 6/Scrubs 6x12 My Fishbowl.avi, audio:-1, size:512x384
18:20:22 DONE: file:/media/Serials/Scrubs/Season 6/Scrubs 6x20 My Conventional Wisdom.avi, audio:-1, size:512x384
18:24:13 DONE: file:/media/Serials/Scrubs/Season 6/Scrubs 6x18 My Turf War.avi, audio:-1, size:512x384
18:36:43 DONE: file:/media/Serials/Scrubs/Season 6/Scrubs 6x05 My Friend with Money.avi, audio:-1, size:512x384
18:40:49 DONE: file:/media/Serials/Scrubs/Season 6/Scrubs 6x08 My Road to Nowhere.avi, audio:-1, size:512x384
18:53:01 DONE: file:/media/Serials/Scrubs/Season 7/Scrubs 7x06 My Number One Doctor.avi, audio:-1, size:512x384
18:57:18 DONE: file:/media/Serials/Scrubs/Season 7/Scrubs 7x08 My Manhood.avi, audio:-1, size:512x384
19:09:28 DONE: file:/media/Serials/Scrubs/Season 7/Scrubs 7x09 My Dumb Luck.avi, audio:-1, size:512x384
19:14:29 DONE: file:/media/Serials/Scrubs/Season 7/Scrubs 7x11 My Princess.avi, audio:-1, size:512x384
19:25:47 DONE: file:/media/Serials/Scrubs/Season 7/Scrubs 7x07 My Bad Too.avi, audio:-1, size:512x384
19:31:14 DONE: file:/media/Serials/Scrubs/Season 7/Scrubs 7x02 My Hard Labor.avi, audio:-1, size:512x384
19:42:23 DONE: file:/media/Serials/Scrubs/Season 7/Scrubs 7x01 My Own Worst Enemy.avi, audio:-1, size:512x384
19:47:31 DONE: file:/media/Serials/Scrubs/Season 7/Scrubs 7x05 My Growing Pains.avi, audio:-1, size:512x384
19:58:16 DONE: file:/media/Serials/Scrubs/Season 7/Scrubs 7x03 My Inconvenient Truth.avi, audio:-1, size:512x384
20:04:05 DONE: file:/media/Serials/Scrubs/Season 7/Scrubs 7x04 My Identity Crisis.avi, audio:-1, size:512x384
20:14:15 DONE: file:/media/Serials/Scrubs/Season 7/Scrubs 7x10 My Waste of Time.avi, audio:-1, size:512x384
20:20:40 DONE: file:/media/Serials/Scrubs/Season 8/Scrubs 8x04 My Happy Place.avi, audio:-1, size:512x384
20:29:52 DONE: file:/media/Serials/Scrubs/Season 8/Scrubs 8x15 My Soul on Fire (Part 2).avi, audio:-1, size:512x384
20:37:16 DONE: file:/media/Serials/Scrubs/Season 8/Scrubs 8x07 My New Role.avi, audio:-1, size:512x384
20:46:32 DONE: file:/media/Serials/Scrubs/Season 8/Scrubs 8x18 My Finale (Part 1).avi, audio:-1, size:512x384
20:53:42 DONE: file:/media/Serials/Scrubs/Season 8/Scrubs 8x08 My Lawyer's in Love.avi, audio:-1, size:512x384
21:03:21 DONE: file:/media/Serials/Scrubs/Season 8/Scrubs 8x16 My Cuz.avi, audio:-1, size:512x384
21:10:22 DONE: file:/media/Serials/Scrubs/Season 8/Scrubs 8x11 My Nah Nah Nah.avi, audio:-1, size:512x384
21:19:33 DONE: file:/media/Serials/Scrubs/Season 8/Scrubs 8x05 My ABC's.avi, audio:-1, size:512x384
21:27:13 DONE: file:/media/Serials/Scrubs/Season 8/Scrubs 8x19 My Finale (Part 2).avi, audio:-1, size:512x384
21:35:55 DONE: file:/media/Serials/Scrubs/Season 8/Scrubs 8x02 My Last Words.avi, audio:-1, size:512x384
21:43:31 DONE: file:/media/Serials/Scrubs/Season 8/Scrubs 8x17 My Chief Concern.avi, audio:-1, size:512x384
21:52:46 DONE: file:/media/Serials/Scrubs/Season 8/Scrubs 8x14 My Soul on Fire (Part 1).avi, audio:-1, size:512x384
22:01:39 DONE: file:/media/Serials/Scrubs/Season 8/Scrubs 8x12 Their Story II.avi, audio:-1, size:512x384
22:10:41 DONE: file:/media/Serials/Scrubs/Season 8/Scrubs 8x09 My Absence.avi, audio:-1, size:512x384
22:18:37 DONE: file:/media/Serials/Scrubs/Season 8/Scrubs 8x03 My Saving Grace.avi, audio:-1, size:512x384
22:28:04 DONE: file:/media/Serials/Scrubs/Season 8/Scrubs 8x10 My Comedy Show.avi, audio:-1, size:512x384
22:35:17 DONE: file:/media/Serials/Scrubs/Season 8/Scrubs 8x06 My Cookie Pants.avi, audio:-1, size:512x384
22:45:48 DONE: file:/media/Serials/Scrubs/Season 8/Scrubs 8x01 My Jerks.avi, audio:-1, size:512x384
22:51:39 DONE: file:/media/Serials/Scrubs/Season 8/Scrubs 8x13 My Full Moon.avi, audio:-1, size:512x384
23:02:42 DONE: file:/media/Serials/Scrubs/Season 9/Scrubs 9x03 Our Role Models.avi, audio:-1, size:512x384
23:08:54 DONE: file:/media/Serials/Scrubs/Season 9/Scrubs 9x04 Our Histories.avi, audio:-1, size:512x384
23:20:29 DONE: file:/media/Serials/Scrubs/Season 9/Scrubs 9x07 Our White Coats.avi, audio:-1, size:512x384
23:26:30 DONE: file:/media/Serials/Scrubs/Season 9/Scrubs 9x09 Our Stuff Gets Real.avi, audio:-1, size:512x384
23:37:19 DONE: file:/media/Serials/Scrubs/Season 9/Scrubs 9x12 Our Driving Issues.avi, audio:-1, size:512x384
23:42:49 DONE: file:/media/Serials/Scrubs/Season 9/Scrubs 9x10 Our True Lies.avi, audio:-1, size:512x384
23:54:02 DONE: file:/media/Serials/Scrubs/Season 9/Scrubs 9x08 Our Couples.avi, audio:-1, size:512x384
00:00:03 DONE: file:/media/Serials/Scrubs/Season 9/Scrubs 9x06 Our New Girl-Bro.avi, audio:-1, size:512x384
00:11:11 DONE: file:/media/Serials/Scrubs/Season 9/Scrubs 9x02 Our Drunk Friend.avi, audio:-1, size:512x384
00:17:05 DONE: file:/media/Serials/Scrubs/Season 9/Scrubs 9x13 Our Thanks.avi, audio:-1, size:512x384
00:27:48 DONE: file:/media/Serials/Scrubs/Season 9/Scrubs 9x01 Our First Day of School.avi, audio:-1, size:512x384
00:34:09 DONE: file:/media/Serials/Scrubs/Season 9/Scrubs 9x05 Our Mysteries.avi, audio:-1, size:512x384
00:44:46 DONE: file:/media/Serials/Scrubs/Season 9/Scrubs 9x11 Our Dear Leaders.avi, audio:-1, size:512x384
00:47:55 DONE: file:/media/Software/Music Software/Mastering/МАСТЕРИНГ в Wavelab от и до. Бесплатный обучающий видеокурс/УРОК - 1 - Анализ.avi, audio:-1, size:512x384
00:48:58 DONE: file:/media/Software/Music Software/Mastering/МАСТЕРИНГ в Wavelab от и до. Бесплатный обучающий видеокурс/УРОК - 3 - Нормализация.avi, audio:-1, size:512x384
00:52:14 DONE: file:/media/Software/Music Software/Mastering/МАСТЕРИНГ в Wavelab от и до. Бесплатный обучающий видеокурс/УРОК - 12 - Fade-In-Out.avi, audio:-1, size:512x384
00:53:18 DONE: file:/media/Software/Music Software/Mastering/МАСТЕРИНГ в Wavelab от и до. Бесплатный обучающий видеокурс/УРОК - 4 - Лимитирование.avi, audio:-1, size:512x384
00:57:51 DONE: file:/media/Software/Music Software/Mastering/МАСТЕРИНГ в Wavelab от и до. Бесплатный обучающий видеокурс/УРОК - 13 - Dithering.avi, audio:-1, size:512x384
01:00:30 DONE: file:/media/Software/Music Software/Mastering/МАСТЕРИНГ в Wavelab от и до. Бесплатный обучающий видеокурс/УРОК - 8 - Стереобаза.avi, audio:-1, size:512x384
01:05:32 DONE: file:/media/Software/Music Software/Mastering/МАСТЕРИНГ в Wavelab от и до. Бесплатный обучающий видеокурс/УРОК - 5 - Фильтрация.avi, audio:-1, size:512x384
01:08:26 DONE: file:/media/Software/Music Software/Mastering/МАСТЕРИНГ в Wavelab от и до. Бесплатный обучающий видеокурс/УРОК - 6 - Эквализация.avi, audio:-1, size:512x384
01:15:01 DONE: file:/media/Software/Music Software/Mastering/МАСТЕРИНГ в Wavelab от и до. Бесплатный обучающий видеокурс/УРОК - 9 - Эксайтер.avi, audio:-1, size:512x384
01:21:35 DONE: file:/media/Software/Music Software/Mastering/МАСТЕРИНГ в Wavelab от и до. Бесплатный обучающий видеокурс/УРОК - 11 - Максимизация.avi, audio:-1, size:512x384
01:23:55 DONE: file:/media/Software/Music Software/Mastering/МАСТЕРИНГ в Wavelab от и до. Бесплатный обучающий видеокурс/УРОК - 10 - Реверберация.avi, audio:-1, size:512x384
01:27:58 DONE: file:/media/Software/Music Software/Mastering/МАСТЕРИНГ в Wavelab от и до. Бесплатный обучающий видеокурс/УРОК - 14 - Запись CD.avi, audio:-1, size:512x384
01:33:45 DONE: file:/media/Software/Music Software/Mastering/МАСТЕРИНГ в Wavelab от и до. Бесплатный обучающий видеокурс/УРОК - 7 - Компрессия.avi, audio:-1, size:512x384
01:33:53 DONE: file:/media/Software/Music Software/Mastering/МАСТЕРИНГ в Wavelab от и до. Бесплатный обучающий видеокурс/УРОК - 2 - Монтаж.avi, audio:-1, size:512x384
01:37:51 DONE: file:/media/e-tape/Private Files/roman_gemini/Stold/Відео0001.3gp, audio:-1, size:512x384
01:38:09 DONE: file:/media/Software/Music Software/Mastering/МАСТЕРИНГ в Wavelab от и до. Бесплатный обучающий видеокурс/УРОК - 15 - Заключение.avi, audio:-1, size:512x384
01:42:35 DONE: file:/media/e-tape/Private Files/roman_gemini/Sync/Фотографии/Чорнобиль/Видео0004.mp4, audio:-1, size:512x340
01:43:05 DONE: file:/media/e-tape/Private Files/roman_gemini/Sync/Фотографии/Чорнобиль/Видео0005.mp4, audio:-1, size:512x340
01:46:55 DONE: file:/media/e-tape/Private Files/roman_gemini/~photos/~home_video/2011/Чорнобиль 2011/Чорнобиль/в чорнобиль 04.3gp, audio:-1, size:512x384
01:50:52 DONE: file:/media/e-tape/Private Files/roman_gemini/~photos/~home_video/2010/15.11.2010 И так всегда/Відео0004.3gp, audio:-1, size:512x384
01:52:16 DONE: file:/media/e-tape/Private Files/roman_gemini/~photos/~home_video/2011/Чорнобиль 2011/Чорнобиль/в чорнобиль 02.3gp, audio:-1, size:512x384
01:58:04 DONE: file:/media/e-tape/Private Files/Видео/2012/2012.09 Москва/20120903_165940.mp4, audio:-1, size:512x288
02:05:16 DONE: file:/media/e-tape/Private Files/Видео/2012/12 февраля, Боярский парк.mp4, audio:-1, size:512x288
02:07:25 DONE: file:/media/e-tape/Private Files/Видео/2012/В селі/20120825_145646.mp4, audio:-1, size:512x288
02:12:22 DONE: file:/media/e-tape/Private Files/Видео/2012/Львів 2/20121014_223503.mp4, audio:-1, size:512x288
02:16:24 DONE: file:/media/e-tape/Private Files/Видео/Music/Железное железо. Cab ride..mp4, audio:-1, size:480x270
02:20:25 DONE: file:/media/e-tape/Private Files/Видео/Music/200 mph (320 kph) on board TGV Duplex departing Avignon in the south of France.mp4, audio:-1, size:512x288
02:20:37 DONE: file:/media/e-tape/Private Files/Видео/Music/John Miles feat. Xuefei Yang - La Sagrada Familia (NotP 2003 Antwerp).mp4, audio:-1, size:480x274
02:22:45 DONE: file:/media/e-tape/Private Files/Видео/Music/вот так в Бразилии играют на варгане.mp4, audio:-1, size:320x224
02:25:18 DONE: file:/media/e-tape/Private Files/Видео/Music/Шум орбиты Земли, Звук Открытого Космоса, часть 4.mp4, audio:-1, size:512x288
02:27:16 DONE: file:/media/e-tape/Private Files/Видео/Music/Рекорд скорости электропоезда TGV.mp4, audio:-1, size:476x360
02:31:42 DONE: file:/media/e-tape/Private Files/Видео/Music/Рекордные испытания ТЭП80-0002 05.10.1993.TEP80 world speed record 271 kmh.mp4, audio:-1, size:450x360
13:23:16 DONE: file:/media/Movies/Retro/Nebesnyj.tihohod.1945.x264.BDRip.(AVC)-MediaClub.mkv, audio:-1, size:512x394
13:23:46 DONE: file:/media/Movies/Retro/Истребители 1939.avi, audio:-1, size:512x386
21:52:49 DONE: file:/media/Serials/Scrubs/Season 3/Scrubs 3х19 My Choosiest Choice of All.avi, audio:-1, size:512x384
22:07:04 DONE: file:/media/Serials/Scrubs/Season 3/Scrubs 3х09 My Dirty Secret.avi, audio:-1, size:512x384
22:20:36 DONE: file:/media/Serials/Scrubs/Season 3/Scrubs 3х06 My Advice to You.avi, audio:-1, size:512x384
22:42:32 DONE: file:/media/Serials/Scrubs/Season 3/Scrubs 3х10 My Rule of Thumb.avi, audio:-1, size:512x384
22:42:48 DONE: file:/media/Serials/Scrubs/Season 3/Scrubs 3х01 My Own American Girl.avi, audio:-1, size:512x384
22:59:22 DONE: file:/media/Serials/Scrubs/Season 3/Scrubs 3х22 My Best Friend's Wedding.avi, audio:-1, size:512x384
22:59:49 DONE: file:/media/Serials/Scrubs/Season 3/Scrubs 3х16 My Butterfly.avi, audio:-1, size:512x384
23:15:59 DONE: file:/media/Serials/Scrubs/Season 3/Scrubs 3х20 My Fault.avi, audio:-1, size:512x384
23:16:49 DONE: file:/media/Serials/Scrubs/Season 3/Scrubs 3х03 My White Whale.avi, audio:-1, size:512x384
23:33:45 DONE: file:/media/Serials/Scrubs/Season 3/Scrubs 3х14 My Screwup.avi, audio:-1, size:512x384
23:36:54 DONE: file:/media/Serials/Scrubs/Season 3/Scrubs 3х13 My Porcelain God.avi, audio:-1, size:512x384
23:50:13 DONE: file:/media/Serials/Scrubs/Season 3/Scrubs 3х15 My Tormented Mentor.avi, audio:-1, size:512x384
23:55:04 DONE: file:/media/Serials/Scrubs/Season 3/Scrubs 3х18 His Story II.avi, audio:-1, size:512x384
00:07:27 DONE: file:/media/Serials/Scrubs/Season 3/Scrubs 3х07 My Fifteen Seconds.avi, audio:-1, size:512x384
00:12:30 DONE: file:/media/Serials/Scrubs/Season 4/Scrubs 4x11 My Unicorn.avi, audio:-1, size:512x384
00:24:05 DONE: file:/media/Serials/Scrubs/Season 4/Scrubs 4x19 My Best Laid Plans.avi, audio:-1, size:512x384
00:28:28 DONE: file:/media/Serials/Scrubs/Season 4/Scrubs 4x07 My Common Enemy.avi, audio:-1, size:512x384
09:48:41 DONE: file:/media/Movies/Desyataja.zhertva.1965.XviD.BDRip.avi, audio:-1, size:512x272
09:48:49 DONE: file:/media/Movies/Pape.snova.17.2009.DUAL.BDRip.XviD.AC3.-HELLYWOOD.avi, audio:-1, size:512x216
10:19:00 DONE: file:/media/Movies/Документальные/The Universe/vselennaya_s01e04.avi, audio:-1, size:512x284
10:48:57 DONE: file:/media/Movies/Документальные/The Universe/vselennaya_s01e02.avi, audio:-1, size:512x284
11:11:17 DONE: file:/media/Movies/Kevin Spacey/Vremja.ubivaty.1996.XviD.DVDRip.avi, audio:-1, size:512x226
11:18:32 DONE: file:/media/Movies/Документальные/The Universe/vselennaya_s01e01.avi, audio:-1, size:512x284
11:41:27 DONE: file:/media/Movies/Документальные/The Universe/vselennaya_s01e13.avi, audio:-1, size:512x284
11:48:46 DONE: file:/media/Movies/Документальные/The Universe/vselennaya_s01e08.avi, audio:-1, size:512x284
12:11:20 DONE: file:/media/Movies/Документальные/The Universe/vselennaya_s01e05.avi, audio:-1, size:512x284
12:18:52 DONE: file:/media/Movies/Документальные/The Universe/vselennaya_s01e09.avi, audio:-1, size:512x284
12:49:10 DONE: file:/media/Movies/Документальные/The Universe/vselennaya_s01e03.avi, audio:-1, size:512x284
13:10:31 DONE: file:/media/Movies/Документальные/The Universe/vselennaya_s01e14.avi, audio:-1, size:512x284
13:20:33 DONE: file:/media/Movies/Документальные/The Universe/vselennaya_s01e12.avi, audio:-1, size:512x284
13:40:29 DONE: file:/media/Movies/Документальные/The Universe/vselennaya_s01e11.avi, audio:-1, size:512x284
13:50:45 DONE: file:/media/Movies/Документальные/The Universe/vselennaya_s01e06.avi, audio:-1, size:512x284
14:09:50 DONE: file:/media/Movies/Документальные/The Universe/vselennaya_s01e07.avi, audio:-1, size:512x284
14:18:58 DONE: file:/media/Movies/Документальные/The Universe/vselennaya_s01e10.avi, audio:-1, size:512x284
22:38:40 DONE: file:/media/Movies/Comedy/Tvoi_moii_nashi_DVDTIp_byy_kayll.avi, audio:-1, size:512x216
00:04:39 DONE: file:/media/Movies/Retro/Aelita.1924.XViD.DVDRip.avi, audio:-1, size:512x408
00:49:06 DONE: file:/media/Movies/Retro/Zerkalo.dlja.Geroya.1987.DivX.DVDRip.BestVideo.avi, audio:-1, size:512x344
01:11:10 DONE: file:/media/Movies/Retro/Planeta.bur.1961.DVDRip.avi, audio:-1, size:512x374
01:50:05 DONE: file:/media/Movies/Retro/Ego.zvali.Robert.1967.DivX.DVDRip.Kinozal.tv.avi, audio:-1, size:512x250
02:03:37 DONE: file:/media/Movies/Retro/Молчание доктора Ивенса.1973.SATRip.avi, audio:-1, size:512x238
02:50:42 DONE: file:/media/Movies/Retro/Giperboloid.inzhenera.Garina.1965.DivX.DVDRip.Kinozal.TV.avi, audio:-1, size:512x250
03:37:00 DONE: file:/media/Movies/Retro/Dni.zatmenija.1988.DivX.DVDRip.Kinozal.tv.avi, audio:-1, size:512x226
03:46:46 DONE: file:/media/Movies/Retro/Krakh.Inzhenera.Garina.(4.serii.iz.4).1973.XviD.DVDRip.Kinozal.TV/Krakh.Inzhenera.Garina.(4.seriya.iz.4).1973.XviD.DVDRip.Kinozal.TV.avi, audio:-1, size:512x384
04:35:16 DONE: file:/media/Movies/Retro/Krakh.Inzhenera.Garina.(4.serii.iz.4).1973.XviD.DVDRip.Kinozal.TV/Krakh.Inzhenera.Garina.(3.seriya.iz.4).1973.XviD.DVDRip.Kinozal.TV.avi, audio:-1, size:512x384
04:45:34 DONE: file:/media/Movies/Retro/Krakh.Inzhenera.Garina.(4.serii.iz.4).1973.XviD.DVDRip.Kinozal.TV/Krakh.Inzhenera.Garina.(2.seriya.iz.4).1973.XviD.DVDRip.Kinozal.TV.avi, audio:-1, size:512x384
05:26:58 DONE: file:/media/Movies/Retro/Krakh.Inzhenera.Garina.(4.serii.iz.4).1973.XviD.DVDRip.Kinozal.TV/Krakh.Inzhenera.Garina.(1.seriya.iz.4).1973.XviD.DVDRip.Kinozal.TV.avi, audio:-1, size:512x384
19:25:14 DONE: file:/media/Movies/Zeitgeist/1 part.avi, audio:-1, size:512x384
19:42:12 DONE: file:/media/Movies/NEW/Riddik.2013.x264.BDRip.(AVC)-ExKinoRay.mkv, audio:-1, size:512x212
20:53:32 DONE: file:/media/Movies/Zeitgeist/2 part.avi, audio:-1, size:512x288
21:29:25 DONE: file:/media/Movies/Zeitgeist/3 part.avi, audio:-1, size:512x284
